[debug] [2020-07-30T15:57:23.275Z] ----------------------------------------------------------------------
[debug] [2020-07-30T15:57:23.280Z] Command:       C:\Program Files\nodejs\node.exe C:\Users\Heart Hacker\AppData\Roaming\npm\node_modules\firebase-tools\lib\bin\firebase.js init
[debug] [2020-07-30T15:57:23.281Z] CLI Version:   8.5.0
[debug] [2020-07-30T15:57:23.281Z] Platform:      win32
[debug] [2020-07-30T15:57:23.281Z] Node Version:  v12.14.0
[debug] [2020-07-30T15:57:23.283Z] Time:          Thu Jul 30 2020 21:27:23 GMT+0530 (India Standard Time)
[debug] [2020-07-30T15:57:23.283Z] ----------------------------------------------------------------------
[debug] [2020-07-30T15:57:23.283Z] 
[debug] [2020-07-30T15:57:23.308Z] > command requires scopes: ["email","openid","https://www.googleapis.com/auth/cloudplatformprojects.readonly","https://www.googleapis.com/auth/firebase","https://www.googleapis.com/auth/cloud-platform"]
[debug] [2020-07-30T15:57:23.310Z] > authorizing via signed-in user
[info] 
     ######## #### ########  ######## ########     ###     ######  ########
     ##        ##  ##     ## ##       ##     ##  ##   ##  ##       ##
     ######    ##  ########  ######   ########  #########  ######  ######
     ##        ##  ##    ##  ##       ##     ## ##     ##       ## ##
     ##       #### ##     ## ######## ########  ##     ##  ######  ########

You're about to initialize a Firebase project in this directory:

  C:\Users\Heart Hacker\Desktop\DRS

[info] 
=== Project Setup
[info] 
[info] First, let's associate this project directory with a Firebase project.
[info] You can create multiple project aliases by running firebase use --add, 
[info] but for now we'll just set up a default project.
[info] 
